android/app/build/outputs/logs/manifest-merger-release-report.txt
-- Merging decision tree log ---
manifest
ADDED from src/main/AndroidManifest.xml:1:1-26:12
	package
		ADDED from src/main/AndroidManifest.xml:2:5-25
		INJECTED from src/main/AndroidManifest.xml
		INJECTED from src/main/AndroidManifest.xml
	android:versionName
		INJECTED from src/main/AndroidManifest.xml
		INJECTED from src/main/AndroidManifest.xml
	xmlns:android
		ADDED from src/main/AndroidManifest.xml:1:11-69
	android:versionCode
		INJECTED from src/main/AndroidManifest.xml
		INJECTED from src/main/AndroidManifest.xml
uses-permission#android.permission.INTERNET
ADDED from src/main/AndroidManifest.xml:4:5-67
MERGED from [com.microsoft.appcenter:appcenter:1.6.1] AndroidManifest.xml:11:5-67
	android:name
		ADDED from src/main/AndroidManifest.xml:4:22-64
uses-permission#android.permission.SYSTEM_ALERT_WINDOW
ADDED from src/main/AndroidManifest.xml:5:5-77
MERGED from [com.facebook.react:react-native:0.55.4] AndroidManifest.xml:11:5-78
	android:name
		ADDED from src/main/AndroidManifest.xml:5:22-75
application
ADDED from src/main/AndroidManifest.xml:7:5-24:19
MERGED from [com.microsoft.appcenter:appcenter-push:1.6.1] AndroidManifest.xml:19:5-38:19
MERGED from [com.facebook.react:react-native:0.55.4] AndroidManifest.xml:13:5-20
MERGED from [com.android.support:appcompat-v7:23.0.1] AndroidManifest.xml:22:5-20
MERGED from [com.android.support:support-v4:23.0.1] AndroidManifest.xml:22:5-20
MERGED from [com.facebook.soloader:soloader:0.1.0] AndroidManifest.xml:3:3-17
MERGED from [org.webkit:android-jsc:r174650] AndroidManifest.xml:2:3-17
	android:label
		ADDED from src/main/AndroidManifest.xml:9:7-39
	android:allowBackup
		ADDED from src/main/AndroidManifest.xml:11:7-34
	android:icon
		ADDED from src/main/AndroidManifest.xml:10:7-41
	android:theme
		ADDED from src/main/AndroidManifest.xml:12:7-38
	android:name
		ADDED from src/main/AndroidManifest.xml:8:7-38
activity#com.alaris.MainActivity
ADDED from src/main/AndroidManifest.xml:13:7-22:18
	android:label
		ADDED from src/main/AndroidManifest.xml:15:9-41
	android:windowSoftInputMode
		ADDED from src/main/AndroidManifest.xml:17:9-51
	android:configChanges
		ADDED from src/main/AndroidManifest.xml:16:9-79
	android:name
		ADDED from src/main/AndroidManifest.xml:14:9-37
intent-filter#android.intent.action.MAIN+android.intent.category.LAUNCHER
ADDED from src/main/AndroidManifest.xml:18:9-21:25
action#android.intent.action.MAIN
ADDED from src/main/AndroidManifest.xml:19:13-65
	android:name
		ADDED from src/main/AndroidManifest.xml:19:21-62
category#android.intent.category.LAUNCHER
ADDED from src/main/AndroidManifest.xml:20:13-73
	android:name
		ADDED from src/main/AndroidManifest.xml:20:23-70
activity#com.facebook.react.devsupport.DevSettingsActivity
ADDED from src/main/AndroidManifest.xml:23:7-84
	android:name
		ADDED from src/main/AndroidManifest.xml:23:17-81
uses-sdk
INJECTED from src/main/AndroidManifest.xml reason: use-sdk injection requested
MERGED from [ALARIS:react-native-camera:unspecified] AndroidManifest.xml:7:5-9:41
MERGED from [ALARIS:appcenter-push:unspecified] AndroidManifest.xml:7:5-9:41
MERGED from [com.microsoft.appcenter:appcenter-push:1.6.1] AndroidManifest.xml:8:5-10:41
MERGED from [ALARIS:appcenter-crashes:unspecified] AndroidManifest.xml:7:5-9:41
MERGED from [com.microsoft.appcenter:appcenter-crashes:1.6.1] AndroidManifest.xml:7:5-9:41
MERGED from [ALARIS:appcenter-analytics:unspecified] AndroidManifest.xml:7:5-9:41
MERGED from [com.microsoft.appcenter:appcenter-analytics:1.6.1] AndroidManifest.xml:7:5-9:41
MERGED from [ALARIS:appcenter:unspecified] AndroidManifest.xml:7:5-9:41
MERGED from [com.microsoft.appcenter.reactnative:appcenter-react-native:1.6.0] AndroidManifest.xml:7:5-9:41
MERGED from [com.microsoft.appcenter:appcenter:1.6.1] AndroidManifest.xml:7:5-9:41
MERGED from [com.facebook.react:react-native:0.55.4] AndroidManifest.xml:7:5-9:41
MERGED from [com.android.support:appcompat-v7:23.0.1] AndroidManifest.xml:20:5-43
MERGED from [com.android.support:support-v4:23.0.1] AndroidManifest.xml:20:5-43
MERGED from [com.facebook.fbui.textlayoutbuilder:textlayoutbuilder:1.0.0] AndroidManifest.xml:14:5-16:41
MERGED from [com.facebook.fresco:fresco:1.3.0] AndroidManifest.xml:5:5-7:41
MERGED from [com.facebook.fresco:drawee:1.3.0] AndroidManifest.xml:5:5-7:41
MERGED from [com.facebook.fresco:imagepipeline-okhttp3:1.3.0] AndroidManifest.xml:5:5-7:41
MERGED from [com.facebook.fresco:imagepipeline:1.3.0] AndroidManifest.xml:5:5-7:41
MERGED from [com.facebook.fresco:imagepipeline-base:1.3.0] AndroidManifest.xml:5:5-7:41
MERGED from [com.facebook.fresco:fbcore:1.3.0] AndroidManifest.xml:5:5-7:41
MERGED from [com.facebook.soloader:soloader:0.1.0] AndroidManifest.xml:2:3-70
	android:targetSdkVersion
		INJECTED from src/main/AndroidManifest.xml
		INJECTED from src/main/AndroidManifest.xml
	android:minSdkVersion
		INJECTED from src/main/AndroidManifest.xml
		INJECTED from src/main/AndroidManifest.xml
uses-permission#android.permission.CAMERA
ADDED from [ALARIS:react-native-camera:unspecified] AndroidManifest.xml:11:5-65
	android:name
		ADDED from [ALARIS:react-native-camera:unspecified] AndroidManifest.xml:11:22-62
uses-feature#android.hardware.camera
ADDED from [ALARIS:react-native-camera:unspecified] AndroidManifest.xml:13:5-15:36
	android:required
		ADDED from [ALARIS:react-native-camera:unspecified] AndroidManifest.xml:15:9-33
	android:name
		ADDED from [ALARIS:react-native-camera:unspecified] AndroidManifest.xml:14:9-47
uses-feature#android.hardware.camera.autofocus
ADDED from [ALARIS:react-native-camera:unspecified] AndroidManifest.xml:16:5-18:36
	android:required
		ADDED from [ALARIS:react-native-camera:unspecified] AndroidManifest.xml:18:9-33
	android:name
		ADDED from [ALARIS:react-native-camera:unspecified] AndroidManifest.xml:17:9-57
uses-permission#com.google.android.c2dm.permission.RECEIVE
ADDED from [com.microsoft.appcenter:appcenter-push:1.6.1] AndroidManifest.xml:12:5-82
	android:name
		ADDED from [com.microsoft.appcenter:appcenter-push:1.6.1] AndroidManifest.xml:12:22-79
uses-permission#${applicationId}.permission.C2D_MESSAGE
ADDED from [com.microsoft.appcenter:appcenter-push:1.6.1] AndroidManifest.xml:13:5-79
	android:name
		ADDED from [com.microsoft.appcenter:appcenter-push:1.6.1] AndroidManifest.xml:13:22-76
permission#${applicationId}.permission.C2D_MESSAGE
ADDED from [com.microsoft.appcenter:appcenter-push:1.6.1] AndroidManifest.xml:15:5-17:47
	android:protectionLevel
		ADDED from [com.microsoft.appcenter:appcenter-push:1.6.1] AndroidManifest.xml:17:9-44
	android:name
		ADDED from [com.microsoft.appcenter:appcenter-push:1.6.1] AndroidManifest.xml:16:9-63
receiver#com.microsoft.appcenter.push.PushReceiver
ADDED from [com.microsoft.appcenter:appcenter-push:1.6.1] AndroidManifest.xml:20:9-29:20
	android:permission
		ADDED from [com.microsoft.appcenter:appcenter-push:1.6.1] AndroidManifest.xml:22:13-73
	android:name
		ADDED from [com.microsoft.appcenter:appcenter-push:1.6.1] AndroidManifest.xml:21:13-69
intent-filter#${applicationId}+com.google.android.c2dm.intent.RECEIVE+com.google.android.c2dm.intent.REGISTRATION
ADDED from [com.microsoft.appcenter:appcenter-push:1.6.1] AndroidManifest.xml:23:13-28:29
action#com.google.android.c2dm.intent.REGISTRATION
ADDED from [com.microsoft.appcenter:appcenter-push:1.6.1] AndroidManifest.xml:24:17-86
	android:name
		ADDED from [com.microsoft.appcenter:appcenter-push:1.6.1] AndroidManifest.xml:24:25-83
action#com.google.android.c2dm.intent.RECEIVE
ADDED from [com.microsoft.appcenter:appcenter-push:1.6.1] AndroidManifest.xml:25:17-81
	android:name
		ADDED from [com.microsoft.appcenter:appcenter-push:1.6.1] AndroidManifest.xml:25:25-78
category#${applicationId}
ADDED from [com.microsoft.appcenter:appcenter-push:1.6.1] AndroidManifest.xml:27:17-61
	android:name
		ADDED from [com.microsoft.appcenter:appcenter-push:1.6.1] AndroidManifest.xml:27:27-58
service#com.microsoft.appcenter.push.TokenService
ADDED from [com.microsoft.appcenter:appcenter-push:1.6.1] AndroidManifest.xml:31:9-37:19
	tools:ignore
		ADDED from [com.microsoft.appcenter:appcenter-push:1.6.1] AndroidManifest.xml:33:13-43
	android:name
		ADDED from [com.microsoft.appcenter:appcenter-push:1.6.1] AndroidManifest.xml:32:13-69
intent-filter#com.google.firebase.INSTANCE_ID_EVENT
ADDED from [com.microsoft.appcenter:appcenter-push:1.6.1] AndroidManifest.xml:34:13-36:29
action#com.google.firebase.INSTANCE_ID_EVENT
ADDED from [com.microsoft.appcenter:appcenter-push:1.6.1] AndroidManifest.xml:35:17-80
	android:name
		ADDED from [com.microsoft.appcenter:appcenter-push:1.6.1] AndroidManifest.xml:35:25-77
uses-permission#android.permission.ACCESS_NETWORK_STATE
ADDED from [com.microsoft.appcenter:appcenter:1.6.1] AndroidManifest.xml:12:5-79
	android:name
		ADDED from [com.microsoft.appcenter:appcenter:1.6.1] AndroidManifest.xml:12:22-76
android:uses-permission#android.permission.WRITE_EXTERNAL_STORAGE
IMPLIED from src/main/AndroidManifest.xml:1:1-26:12 reason: org.webkit.android_jsc has a targetSdkVersion < 4
android:uses-permission#android.permission.READ_PHONE_STATE
IMPLIED from src/main/AndroidManifest.xml:1:1-26:12 reason: org.webkit.android_jsc has a targetSdkVersion < 4
android:uses-permission#android.permission.READ_EXTERNAL_STORAGE
IMPLIED from src/main/AndroidManifest.xml:1:1-26:12 reason: org.webkit.android_jsc requested WRITE_EXTERNAL_STORAGE